2020-09-17 12:35:09.473  INFO 10216 --- [main] c.t.s.e.EurekaServiceApplication         : No active profile set, falling back to default profiles: default
2020-09-17 12:35:09.499  INFO 10216 --- [main] ConfigServletWebServerApplicationContext : Refreshing org.springframework.boot.web.servlet.context.AnnotationConfigServletWebServerApplicationContext@2796aeae: startup date [Thu Sep 17 12:35:09 IST 2020]; parent: org.springframework.context.annotation.AnnotationConfigApplicationContext@5b8dfcc1
2020-09-17 12:35:10.274  INFO 10216 --- [main] o.s.b.f.s.DefaultListableBeanFactory     : Overriding bean definition for bean 'counterFactory' with a different definition: replacing [Root bean: class [null]; scope=; abstract=false; lazyInit=false; autowireMode=3; dependencyCheck=0; autowireCandidate=true; primary=false; factoryBeanName=org.springframework.cloud.netflix.zuul.ZuulServerAutoConfiguration$ZuulMetricsConfiguration; factoryMethodName=counterFactory; initMethodName=null; destroyMethodName=(inferred); defined in class path resource [org/springframework/cloud/netflix/zuul/ZuulServerAutoConfiguration$ZuulMetricsConfiguration.class]] with [Root bean: class [null]; scope=; abstract=false; lazyInit=false; autowireMode=3; dependencyCheck=0; autowireCandidate=true; primary=false; factoryBeanName=org.springframework.cloud.netflix.zuul.ZuulServerAutoConfiguration$ZuulCounterFactoryConfiguration; factoryMethodName=counterFactory; initMethodName=null; destroyMethodName=(inferred); defined in class path resource [org/springframework/cloud/netflix/zuul/ZuulServerAutoConfiguration$ZuulCounterFactoryConfiguration.class]]
2020-09-17 12:35:10.489  INFO 10216 --- [main] o.s.cloud.context.scope.GenericScope     : BeanFactory id=6ea7ff3c-54c4-3748-85c8-fccd8060020c
2020-09-17 12:35:10.505  INFO 10216 --- [main] f.a.AutowiredAnnotationBeanPostProcessor : JSR-330 'javax.inject.Inject' annotation found and supported for autowiring
2020-09-17 12:35:11.217  INFO 10216 --- [main] trationDelegate$BeanPostProcessorChecker : Bean 'org.springframework.cloud.autoconfigure.ConfigurationPropertiesRebinderAutoConfiguration' of type [org.springframework.cloud.autoconfigure.ConfigurationPropertiesRebinderAutoConfiguration$$EnhancerBySpringCGLIB$$135b8961] is not eligible for getting processed by all BeanPostProcessors (for example: not eligible for auto-proxying)
2020-09-17 12:35:11.674  INFO 10216 --- [main] o.s.b.w.embedded.tomcat.TomcatWebServer  : Tomcat initialized with port(s): 8080 (http)
2020-09-17 12:35:11.693  INFO 10216 --- [main] o.apache.catalina.core.StandardService   : Starting service [Tomcat]
2020-09-17 12:35:11.694  INFO 10216 --- [main] org.apache.catalina.core.StandardEngine  : Starting Servlet Engine: Apache Tomcat/8.5.34
2020-09-17 12:35:11.699  INFO 10216 --- [localhost-startStop-1] o.a.catalina.core.AprLifecycleListener   : The APR based Apache Tomcat Native library which allows optimal performance in production environments was not found on the java.library.path: [C:\Program Files\Java\jdk1.8.0_162\bin;C:\Windows\Sun\Java\bin;C:\Windows\system32;C:\Windows;C:/Program Files/Java/jdk1.8.0_162/bin/../jre/bin/server;C:/Program Files/Java/jdk1.8.0_162/bin/../jre/bin;C:/Program Files/Java/jdk1.8.0_162/bin/../jre/lib/amd64;C:\Program Files\Java\jdk1.8.0_162\bin;C:\ProgramData\Oracle\Java\javapath;C:\Windows\system32;C:\Windows;C:\Windows\System32\Wbem;C:\Windows\System32\WindowsPowerShell\v1.0\;D:\Program Files\Git\cmd;D:\PostgreSQL\pg10\bin;D:\Program Files\Cloud Foundry;C:\Program Files\Java\jre7;D:\Program Files\nodejs\;C:\Program Files\Java\jdk1.8.0_162\bin;C:\Users\Joby Wilson Mathews\AppData\Local\Microsoft\WindowsApps;D:\Program Files\Microsoft VS Code\bin;D:\Tools\kotlin-native-windows-0.6.2\bin;C:\Program Files\Java\jre1.8.0_162;C:\Program Files\Tesseract-OCR;C:\Users\Joby Wilson Mathews\AppData\Roaming\npm;;D:\Tools\eclipse;;.]
2020-09-17 12:35:11.935  INFO 10216 --- [localhost-startStop-1] o.a.c.c.C.[Tomcat].[localhost].[/]       : Initializing Spring embedded WebApplicationContext
2020-09-17 12:35:11.936  INFO 10216 --- [localhost-startStop-1] o.s.web.context.ContextLoader            : Root WebApplicationContext: initialization completed in 2437 ms
2020-09-17 12:35:12.093  WARN 10216 --- [localhost-startStop-1] c.n.c.sources.URLConfigurationSource     : No URLs will be polled as dynamic configuration sources.
2020-09-17 12:35:12.093  INFO 10216 --- [localhost-startStop-1] c.n.c.sources.URLConfigurationSource     : To enable URLs as dynamic configuration sources, define System property archaius.configurationSource.additionalUrls or make config.properties available on classpath.
2020-09-17 12:35:12.132  INFO 10216 --- [localhost-startStop-1] c.netflix.config.DynamicPropertyFactory  : DynamicPropertyFactory is initialized with configuration sources: com.netflix.config.ConcurrentCompositeConfiguration@1c7f0e61
2020-09-17 12:35:13.721  INFO 10216 --- [localhost-startStop-1] o.s.b.w.servlet.FilterRegistrationBean   : Mapping filter: 'characterEncodingFilter' to: [/*]
2020-09-17 12:35:13.721  INFO 10216 --- [localhost-startStop-1] o.s.b.w.servlet.FilterRegistrationBean   : Mapping filter: 'webMvcMetricsFilter' to: [/*]
2020-09-17 12:35:13.722  INFO 10216 --- [localhost-startStop-1] o.s.b.w.servlet.FilterRegistrationBean   : Mapping filter: 'hiddenHttpMethodFilter' to: [/*]
2020-09-17 12:35:13.722  INFO 10216 --- [localhost-startStop-1] o.s.b.w.servlet.FilterRegistrationBean   : Mapping filter: 'httpPutFormContentFilter' to: [/*]
2020-09-17 12:35:13.722  INFO 10216 --- [localhost-startStop-1] o.s.b.w.servlet.FilterRegistrationBean   : Mapping filter: 'requestContextFilter' to: [/*]
2020-09-17 12:35:13.722  INFO 10216 --- [localhost-startStop-1] o.s.b.w.servlet.FilterRegistrationBean   : Mapping filter: 'httpTraceFilter' to: [/*]
2020-09-17 12:35:13.722  INFO 10216 --- [localhost-startStop-1] o.s.b.w.servlet.FilterRegistrationBean   : Mapping filter: 'servletContainer' to urls: [/eureka/*]
2020-09-17 12:35:13.722  INFO 10216 --- [localhost-startStop-1] o.s.b.w.servlet.ServletRegistrationBean  : Servlet dispatcherServlet mapped to [/]
2020-09-17 12:35:13.723  INFO 10216 --- [localhost-startStop-1] o.s.b.w.servlet.ServletRegistrationBean  : Servlet zuulServlet mapped to [/zuul/*]
2020-09-17 12:35:13.773  INFO 10216 --- [localhost-startStop-1] c.s.j.s.i.a.WebApplicationImpl           : Initiating Jersey application, version 'Jersey: 1.19.1 03/11/2016 02:08 PM'
2020-09-17 12:35:13.822  INFO 10216 --- [localhost-startStop-1] c.n.d.provider.DiscoveryJerseyProvider   : Using JSON encoding codec LegacyJacksonJson
2020-09-17 12:35:13.823  INFO 10216 --- [localhost-startStop-1] c.n.d.provider.DiscoveryJerseyProvider   : Using JSON decoding codec LegacyJacksonJson
2020-09-17 12:35:13.946  INFO 10216 --- [localhost-startStop-1] c.n.d.provider.DiscoveryJerseyProvider   : Using XML encoding codec XStreamXml
2020-09-17 12:35:13.946  INFO 10216 --- [localhost-startStop-1] c.n.d.provider.DiscoveryJerseyProvider   : Using XML decoding codec XStreamXml
2020-09-17 12:35:14.266  WARN 10216 --- [main] c.n.c.sources.URLConfigurationSource     : No URLs will be polled as dynamic configuration sources.
2020-09-17 12:35:14.266  INFO 10216 --- [main] c.n.c.sources.URLConfigurationSource     : To enable URLs as dynamic configuration sources, define System property archaius.configurationSource.additionalUrls or make config.properties available on classpath.
2020-09-17 12:35:14.334  INFO 10216 --- [main] o.s.w.s.handler.SimpleUrlHandlerMapping  : Mapped URL path [/**/favicon.ico] onto handler of type [class org.springframework.web.servlet.resource.ResourceHttpRequestHandler]
2020-09-17 12:35:14.589  INFO 10216 --- [main] s.w.s.m.m.a.RequestMappingHandlerAdapter : Looking for @ControllerAdvice: org.springframework.boot.web.servlet.context.AnnotationConfigServletWebServerApplicationContext@2796aeae: startup date [Thu Sep 17 12:35:09 IST 2020]; parent: org.springframework.context.annotation.AnnotationConfigApplicationContext@5b8dfcc1
2020-09-17 12:35:14.662  INFO 10216 --- [main] s.w.s.m.m.a.RequestMappingHandlerMapping : Mapped "{[/error]}" onto public org.springframework.http.ResponseEntity<java.util.Map<java.lang.String, java.lang.Object>> org.springframework.boot.autoconfigure.web.servlet.error.BasicErrorController.error(javax.servlet.http.HttpServletRequest)
2020-09-17 12:35:14.663  INFO 10216 --- [main] s.w.s.m.m.a.RequestMappingHandlerMapping : Mapped "{[/error],produces=[text/html]}" onto public org.springframework.web.servlet.ModelAndView org.springframework.boot.autoconfigure.web.servlet.error.BasicErrorController.errorHtml(javax.servlet.http.HttpServletRequest,javax.servlet.http.HttpServletResponse)
2020-09-17 12:35:14.670  INFO 10216 --- [main] s.w.s.m.m.a.RequestMappingHandlerMapping : Mapped "{[/],methods=[GET]}" onto public java.lang.String org.springframework.cloud.netflix.eureka.server.EurekaController.status(javax.servlet.http.HttpServletRequest,java.util.Map<java.lang.String, java.lang.Object>)
2020-09-17 12:35:14.670  INFO 10216 --- [main] s.w.s.m.m.a.RequestMappingHandlerMapping : Mapped "{[/lastn],methods=[GET]}" onto public java.lang.String org.springframework.cloud.netflix.eureka.server.EurekaController.lastn(javax.servlet.http.HttpServletRequest,java.util.Map<java.lang.String, java.lang.Object>)
2020-09-17 12:35:14.702  INFO 10216 --- [main] o.s.w.s.handler.SimpleUrlHandlerMapping  : Mapped URL path [/webjars/**] onto handler of type [class org.springframework.web.servlet.resource.ResourceHttpRequestHandler]
2020-09-17 12:35:14.702  INFO 10216 --- [main] o.s.w.s.handler.SimpleUrlHandlerMapping  : Mapped URL path [/**] onto handler of type [class org.springframework.web.servlet.resource.ResourceHttpRequestHandler]
2020-09-17 12:35:15.055  INFO 10216 --- [main] o.s.ui.freemarker.SpringTemplateLoader   : SpringTemplateLoader for FreeMarker: using resource loader [org.springframework.boot.web.servlet.context.AnnotationConfigServletWebServerApplicationContext@2796aeae: startup date [Thu Sep 17 12:35:09 IST 2020]; parent: org.springframework.context.annotation.AnnotationConfigApplicationContext@5b8dfcc1] and template loader path [classpath:/templates/]
2020-09-17 12:35:15.056  INFO 10216 --- [main] o.s.w.s.v.f.FreeMarkerConfigurer         : ClassTemplateLoader for Spring macros added to FreeMarker configuration
2020-09-17 12:35:15.231  INFO 10216 --- [main] o.s.c.n.eureka.InstanceInfoFactory       : Setting initial instance status as: STARTING
2020-09-17 12:35:15.261  INFO 10216 --- [main] com.netflix.discovery.DiscoveryClient    : Initializing Eureka in region us-east-1
2020-09-17 12:35:15.261  INFO 10216 --- [main] com.netflix.discovery.DiscoveryClient    : Client configured to neither register nor query for data.
2020-09-17 12:35:15.268  INFO 10216 --- [main] com.netflix.discovery.DiscoveryClient    : Discovery Client initialized at timestamp 1600326315267 with initial instances count: 0
2020-09-17 12:35:15.341  INFO 10216 --- [main] c.n.eureka.DefaultEurekaServerContext    : Initializing ...
2020-09-17 12:35:15.343  INFO 10216 --- [main] c.n.eureka.cluster.PeerEurekaNodes       : Adding new peer nodes [http://localhost:8080/eureka/]
2020-09-17 12:35:15.633  INFO 10216 --- [main] c.n.d.provider.DiscoveryJerseyProvider   : Using JSON encoding codec LegacyJacksonJson
2020-09-17 12:35:15.634  INFO 10216 --- [main] c.n.d.provider.DiscoveryJerseyProvider   : Using JSON decoding codec LegacyJacksonJson
2020-09-17 12:35:15.634  INFO 10216 --- [main] c.n.d.provider.DiscoveryJerseyProvider   : Using XML encoding codec XStreamXml
2020-09-17 12:35:15.634  INFO 10216 --- [main] c.n.d.provider.DiscoveryJerseyProvider   : Using XML decoding codec XStreamXml
2020-09-17 12:35:15.715  INFO 10216 --- [main] c.n.eureka.cluster.PeerEurekaNodes       : Replica node URL:  http://localhost:8080/eureka/
2020-09-17 12:35:15.722  INFO 10216 --- [main] c.n.e.registry.AbstractInstanceRegistry  : Finished initializing remote region registries. All known remote regions: []
2020-09-17 12:35:15.723  INFO 10216 --- [main] c.n.eureka.DefaultEurekaServerContext    : Initialized
2020-09-17 12:35:15.883  INFO 10216 --- [main] o.s.c.n.zuul.ZuulFilterInitializer       : Starting filter initializer
2020-09-17 12:35:15.903  WARN 10216 --- [main] arterDeprecationWarningAutoConfiguration : spring-cloud-starter-eureka-server is deprecated as of Spring Cloud Netflix 1.4.0, please migrate to spring-cloud-starter-netflix-eureka-server
2020-09-17 12:35:15.914  INFO 10216 --- [main] o.s.b.a.e.web.EndpointLinksResolver      : Exposing 2 endpoint(s) beneath base path '/actuator'
2020-09-17 12:35:15.945  INFO 10216 --- [main] s.b.a.e.w.s.WebMvcEndpointHandlerMapping : Mapped "{[/actuator/health],methods=[GET],produces=[application/vnd.spring-boot.actuator.v2+json || application/json]}" onto public java.lang.Object org.springframework.boot.actuate.endpoint.web.servlet.AbstractWebMvcEndpointHandlerMapping$OperationHandler.handle(javax.servlet.http.HttpServletRequest,java.util.Map<java.lang.String, java.lang.String>)
2020-09-17 12:35:15.946  INFO 10216 --- [main] s.b.a.e.w.s.WebMvcEndpointHandlerMapping : Mapped "{[/actuator/info],methods=[GET],produces=[application/vnd.spring-boot.actuator.v2+json || application/json]}" onto public java.lang.Object org.springframework.boot.actuate.endpoint.web.servlet.AbstractWebMvcEndpointHandlerMapping$OperationHandler.handle(javax.servlet.http.HttpServletRequest,java.util.Map<java.lang.String, java.lang.String>)
2020-09-17 12:35:15.947  INFO 10216 --- [main] s.b.a.e.w.s.WebMvcEndpointHandlerMapping : Mapped "{[/actuator],methods=[GET],produces=[application/vnd.spring-boot.actuator.v2+json || application/json]}" onto protected java.util.Map<java.lang.String, java.util.Map<java.lang.String, org.springframework.boot.actuate.endpoint.web.Link>> org.springframework.boot.actuate.endpoint.web.servlet.WebMvcEndpointHandlerMapping.links(javax.servlet.http.HttpServletRequest,javax.servlet.http.HttpServletResponse)
2020-09-17 12:35:15.991  INFO 10216 --- [main] o.s.j.e.a.AnnotationMBeanExporter        : Registering beans for JMX exposure on startup
2020-09-17 12:35:15.999  INFO 10216 --- [main] o.s.j.e.a.AnnotationMBeanExporter        : Bean with name 'environmentManager' has been autodetected for JMX exposure
2020-09-17 12:35:16.000  INFO 10216 --- [main] o.s.j.e.a.AnnotationMBeanExporter        : Bean with name 'refreshScope' has been autodetected for JMX exposure
2020-09-17 12:35:16.002  INFO 10216 --- [main] o.s.j.e.a.AnnotationMBeanExporter        : Bean with name 'configurationPropertiesRebinder' has been autodetected for JMX exposure
2020-09-17 12:35:16.005  INFO 10216 --- [main] o.s.j.e.a.AnnotationMBeanExporter        : Located managed bean 'environmentManager': registering with JMX server as MBean [org.springframework.cloud.context.environment:name=environmentManager,type=EnvironmentManager]
2020-09-17 12:35:16.013  INFO 10216 --- [main] o.s.j.e.a.AnnotationMBeanExporter        : Located managed bean 'refreshScope': registering with JMX server as MBean [org.springframework.cloud.context.scope.refresh:name=refreshScope,type=RefreshScope]
2020-09-17 12:35:16.022  INFO 10216 --- [main] o.s.j.e.a.AnnotationMBeanExporter        : Located managed bean 'configurationPropertiesRebinder': registering with JMX server as MBean [org.springframework.cloud.context.properties:name=configurationPropertiesRebinder,context=2796aeae,type=ConfigurationPropertiesRebinder]
2020-09-17 12:35:16.033  INFO 10216 --- [main] o.s.c.support.DefaultLifecycleProcessor  : Starting beans in phase 0
2020-09-17 12:35:16.033  INFO 10216 --- [main] o.s.c.n.e.s.EurekaServiceRegistry        : Registering application eureka-service with eureka with status UP
2020-09-17 12:35:16.037  INFO 10216 --- [Thread-14] o.s.c.n.e.server.EurekaServerBootstrap   : Setting the eureka configuration..
2020-09-17 12:35:16.037  INFO 10216 --- [Thread-14] o.s.c.n.e.server.EurekaServerBootstrap   : Eureka data center value eureka.datacenter is not set, defaulting to default
2020-09-17 12:35:16.038  INFO 10216 --- [Thread-14] o.s.c.n.e.server.EurekaServerBootstrap   : Eureka environment value eureka.environment is not set, defaulting to test
2020-09-17 12:35:16.047  INFO 10216 --- [Thread-14] o.s.c.n.e.server.EurekaServerBootstrap   : isAws returned false
2020-09-17 12:35:16.048  INFO 10216 --- [Thread-14] o.s.c.n.e.server.EurekaServerBootstrap   : Initialized server context
2020-09-17 12:35:16.048  INFO 10216 --- [Thread-14] c.n.e.r.PeerAwareInstanceRegistryImpl    : Got 1 instances from neighboring DS node
2020-09-17 12:35:16.048  INFO 10216 --- [Thread-14] c.n.e.r.PeerAwareInstanceRegistryImpl    : Renew threshold is: 1
2020-09-17 12:35:16.048  INFO 10216 --- [Thread-14] c.n.e.r.PeerAwareInstanceRegistryImpl    : Changing status to UP
2020-09-17 12:35:16.059  INFO 10216 --- [Thread-14] e.s.EurekaServerInitializerConfiguration : Started Eureka Server
2020-09-17 12:35:16.079  INFO 10216 --- [main] o.s.b.w.embedded.tomcat.TomcatWebServer  : Tomcat started on port(s): 8080 (http) with context path ''
2020-09-17 12:35:16.080  INFO 10216 --- [main] .s.c.n.e.s.EurekaAutoServiceRegistration : Updating port to 8080
2020-09-17 12:35:16.083  INFO 10216 --- [main] c.t.s.e.EurekaServiceApplication         : Started EurekaServiceApplication in 8.554 seconds (JVM running for 9.863)
2020-09-17 12:35:31.241  INFO 10216 --- [RMI TCP Connection(2)-127.0.0.1] inMXBeanRegistrar$SpringApplicationAdmin : Application shutdown requested.
2020-09-17 12:35:31.242  INFO 10216 --- [RMI TCP Connection(2)-127.0.0.1] ConfigServletWebServerApplicationContext : Closing org.springframework.boot.web.servlet.context.AnnotationConfigServletWebServerApplicationContext@2796aeae: startup date [Thu Sep 17 12:35:09 IST 2020]; parent: org.springframework.context.annotation.AnnotationConfigApplicationContext@5b8dfcc1
2020-09-17 12:35:31.242  INFO 10216 --- [RMI TCP Connection(2)-127.0.0.1] o.s.c.n.e.s.EurekaServiceRegistry        : Unregistering application eureka-service with eureka with status DOWN
2020-09-17 12:35:31.244  INFO 10216 --- [RMI TCP Connection(2)-127.0.0.1] o.s.c.support.DefaultLifecycleProcessor  : Stopping beans in phase 0
2020-09-17 12:35:31.245  INFO 10216 --- [RMI TCP Connection(2)-127.0.0.1] o.s.c.n.zuul.ZuulFilterInitializer       : Stopping filter initializer
2020-09-17 12:35:31.246  INFO 10216 --- [RMI TCP Connection(2)-127.0.0.1] c.n.eureka.DefaultEurekaServerContext    : Shutting down ...
2020-09-17 12:35:31.250  INFO 10216 --- [RMI TCP Connection(2)-127.0.0.1] c.n.eureka.DefaultEurekaServerContext    : Shut down
2020-09-17 12:35:31.255  INFO 10216 --- [RMI TCP Connection(2)-127.0.0.1] o.s.j.e.a.AnnotationMBeanExporter        : Unregistering JMX-exposed beans on shutdown
2020-09-17 12:35:31.256  INFO 10216 --- [RMI TCP Connection(2)-127.0.0.1] o.s.j.e.a.AnnotationMBeanExporter        : Unregistering JMX-exposed beans
2020-09-17 12:35:31.269  INFO 10216 --- [RMI TCP Connection(2)-127.0.0.1] com.netflix.discovery.DiscoveryClient    : Shutting down DiscoveryClient ...
2020-09-17 12:35:31.269  INFO 10216 --- [RMI TCP Connection(2)-127.0.0.1] com.netflix.discovery.DiscoveryClient    : Completed shut down of DiscoveryClient
2020-09-17 12:35:31.416  INFO 10216 --- [RMI TCP Connection(2)-127.0.0.1] o.apache.catalina.core.StandardService   : Stopping service [Tomcat]
2020-09-17 12:35:31.426  WARN 10216 --- [localhost-startStop-2] o.a.c.loader.WebappClassLoaderBase       : The web application [ROOT] appears to have started a thread named [RxIoScheduler-1 (Evictor)] but has failed to stop it. This is very likely to create a memory leak. Stack trace of thread:
 sun.misc.Unsafe.park(Native Method)
 java.util.concurrent.locks.LockSupport.parkNanos(LockSupport.java:215)
 java.util.concurrent.locks.AbstractQueuedSynchronizer$ConditionObject.awaitNanos(AbstractQueuedSynchronizer.java:2078)
 java.util.concurrent.ScheduledThreadPoolExecutor$DelayedWorkQueue.take(ScheduledThreadPoolExecutor.java:1093)
 java.util.concurrent.ScheduledThreadPoolExecutor$DelayedWorkQueue.take(ScheduledThreadPoolExecutor.java:809)
 java.util.concurrent.ThreadPoolExecutor.getTask(ThreadPoolExecutor.java:1074)
 java.util.concurrent.ThreadPoolExecutor.runWorker(ThreadPoolExecutor.java:1134)
 java.util.concurrent.ThreadPoolExecutor$Worker.run(ThreadPoolExecutor.java:624)
 java.lang.Thread.run(Thread.java:748)
2020-09-17 13:00:38.344  INFO 11668 --- [main] c.t.s.e.EurekaServiceApplicationTests    : No active profile set, falling back to default profiles: default
2020-09-17 13:00:38.352  INFO 11668 --- [main] o.s.w.c.s.GenericWebApplicationContext   : Refreshing org.springframework.web.context.support.GenericWebApplicationContext@5049d8b2: startup date [Thu Sep 17 13:00:38 IST 2020]; parent: org.springframework.context.annotation.AnnotationConfigApplicationContext@48c76607
2020-09-17 13:00:39.329  INFO 11668 --- [main] o.s.b.f.s.DefaultListableBeanFactory     : Overriding bean definition for bean 'counterFactory' with a different definition: replacing [Root bean: class [null]; scope=; abstract=false; lazyInit=false; autowireMode=3; dependencyCheck=0; autowireCandidate=true; primary=false; factoryBeanName=org.springframework.cloud.netflix.zuul.ZuulServerAutoConfiguration$ZuulMetricsConfiguration; factoryMethodName=counterFactory; initMethodName=null; destroyMethodName=(inferred); defined in class path resource [org/springframework/cloud/netflix/zuul/ZuulServerAutoConfiguration$ZuulMetricsConfiguration.class]] with [Root bean: class [null]; scope=; abstract=false; lazyInit=false; autowireMode=3; dependencyCheck=0; autowireCandidate=true; primary=false; factoryBeanName=org.springframework.cloud.netflix.zuul.ZuulServerAutoConfiguration$ZuulCounterFactoryConfiguration; factoryMethodName=counterFactory; initMethodName=null; destroyMethodName=(inferred); defined in class path resource [org/springframework/cloud/netflix/zuul/ZuulServerAutoConfiguration$ZuulCounterFactoryConfiguration.class]]
2020-09-17 13:00:39.848  INFO 11668 --- [main] o.s.cloud.context.scope.GenericScope     : BeanFactory id=e564a647-1eef-3a06-a565-2f0d709aa04d
2020-09-17 13:00:39.921  INFO 11668 --- [main] f.a.AutowiredAnnotationBeanPostProcessor : JSR-330 'javax.inject.Inject' annotation found and supported for autowiring
2020-09-17 13:00:40.336  INFO 11668 --- [main] trationDelegate$BeanPostProcessorChecker : Bean 'org.springframework.cloud.autoconfigure.ConfigurationPropertiesRebinderAutoConfiguration' of type [org.springframework.cloud.autoconfigure.ConfigurationPropertiesRebinderAutoConfiguration$$EnhancerBySpringCGLIB$$ee32e022] is not eligible for getting processed by all BeanPostProcessors (for example: not eligible for auto-proxying)
2020-09-17 13:00:40.904  WARN 11668 --- [main] c.n.c.sources.URLConfigurationSource     : No URLs will be polled as dynamic configuration sources.
2020-09-17 13:00:40.905  INFO 11668 --- [main] c.n.c.sources.URLConfigurationSource     : To enable URLs as dynamic configuration sources, define System property archaius.configurationSource.additionalUrls or make config.properties available on classpath.
2020-09-17 13:00:40.914  WARN 11668 --- [main] c.n.c.sources.URLConfigurationSource     : No URLs will be polled as dynamic configuration sources.
2020-09-17 13:00:40.915  INFO 11668 --- [main] c.n.c.sources.URLConfigurationSource     : To enable URLs as dynamic configuration sources, define System property archaius.configurationSource.additionalUrls or make config.properties available on classpath.
2020-09-17 13:00:41.076  INFO 11668 --- [main] o.s.w.s.handler.SimpleUrlHandlerMapping  : Mapped URL path [/**/favicon.ico] onto handler of type [class org.springframework.web.servlet.resource.ResourceHttpRequestHandler]
2020-09-17 13:00:41.529  INFO 11668 --- [main] s.w.s.m.m.a.RequestMappingHandlerAdapter : Looking for @ControllerAdvice: org.springframework.web.context.support.GenericWebApplicationContext@5049d8b2: startup date [Thu Sep 17 13:00:38 IST 2020]; parent: org.springframework.context.annotation.AnnotationConfigApplicationContext@48c76607
2020-09-17 13:00:41.674  INFO 11668 --- [main] s.w.s.m.m.a.RequestMappingHandlerMapping : Mapped "{[/error]}" onto public org.springframework.http.ResponseEntity<java.util.Map<java.lang.String, java.lang.Object>> org.springframework.boot.autoconfigure.web.servlet.error.BasicErrorController.error(javax.servlet.http.HttpServletRequest)
2020-09-17 13:00:41.679  INFO 11668 --- [main] s.w.s.m.m.a.RequestMappingHandlerMapping : Mapped "{[/error],produces=[text/html]}" onto public org.springframework.web.servlet.ModelAndView org.springframework.boot.autoconfigure.web.servlet.error.BasicErrorController.errorHtml(javax.servlet.http.HttpServletRequest,javax.servlet.http.HttpServletResponse)
2020-09-17 13:00:41.705  INFO 11668 --- [main] s.w.s.m.m.a.RequestMappingHandlerMapping : Mapped "{[/],methods=[GET]}" onto public java.lang.String org.springframework.cloud.netflix.eureka.server.EurekaController.status(javax.servlet.http.HttpServletRequest,java.util.Map<java.lang.String, java.lang.Object>)
2020-09-17 13:00:41.706  INFO 11668 --- [main] s.w.s.m.m.a.RequestMappingHandlerMapping : Mapped "{[/lastn],methods=[GET]}" onto public java.lang.String org.springframework.cloud.netflix.eureka.server.EurekaController.lastn(javax.servlet.http.HttpServletRequest,java.util.Map<java.lang.String, java.lang.Object>)
2020-09-17 13:00:41.755  INFO 11668 --- [main] o.s.w.s.handler.SimpleUrlHandlerMapping  : Mapped URL path [/webjars/**] onto handler of type [class org.springframework.web.servlet.resource.ResourceHttpRequestHandler]
2020-09-17 13:00:41.755  INFO 11668 --- [main] o.s.w.s.handler.SimpleUrlHandlerMapping  : Mapped URL path [/**] onto handler of type [class org.springframework.web.servlet.resource.ResourceHttpRequestHandler]
2020-09-17 13:00:43.754  INFO 11668 --- [main] o.s.ui.freemarker.SpringTemplateLoader   : SpringTemplateLoader for FreeMarker: using resource loader [org.springframework.web.context.support.GenericWebApplicationContext@5049d8b2: startup date [Thu Sep 17 13:00:38 IST 2020]; parent: org.springframework.context.annotation.AnnotationConfigApplicationContext@48c76607] and template loader path [classpath:/templates/]
2020-09-17 13:00:43.755  INFO 11668 --- [main] o.s.w.s.v.f.FreeMarkerConfigurer         : ClassTemplateLoader for Spring macros added to FreeMarker configuration
2020-09-17 13:00:44.176  INFO 11668 --- [main] o.s.c.n.eureka.InstanceInfoFactory       : Setting initial instance status as: STARTING
2020-09-17 13:00:44.237  INFO 11668 --- [main] com.netflix.discovery.DiscoveryClient    : Initializing Eureka in region us-east-1
2020-09-17 13:00:44.239  INFO 11668 --- [main] com.netflix.discovery.DiscoveryClient    : Client configured to neither register nor query for data.
2020-09-17 13:00:44.269  INFO 11668 --- [main] com.netflix.discovery.DiscoveryClient    : Discovery Client initialized at timestamp 1600327844268 with initial instances count: 0
2020-09-17 13:00:44.382  INFO 11668 --- [main] c.n.eureka.DefaultEurekaServerContext    : Initializing ...
2020-09-17 13:00:44.385  INFO 11668 --- [main] c.n.eureka.cluster.PeerEurekaNodes       : Adding new peer nodes [http://localhost:8080/eureka/]
2020-09-17 13:00:44.933  INFO 11668 --- [main] c.n.d.provider.DiscoveryJerseyProvider   : Using JSON encoding codec LegacyJacksonJson
2020-09-17 13:00:44.934  INFO 11668 --- [main] c.n.d.provider.DiscoveryJerseyProvider   : Using JSON decoding codec LegacyJacksonJson
2020-09-17 13:00:44.934  INFO 11668 --- [main] c.n.d.provider.DiscoveryJerseyProvider   : Using XML encoding codec XStreamXml
2020-09-17 13:00:44.935  INFO 11668 --- [main] c.n.d.provider.DiscoveryJerseyProvider   : Using XML decoding codec XStreamXml
2020-09-17 13:00:45.187  INFO 11668 --- [main] c.n.eureka.cluster.PeerEurekaNodes       : Replica node URL:  http://localhost:8080/eureka/
2020-09-17 13:00:45.203  INFO 11668 --- [main] c.n.e.registry.AbstractInstanceRegistry  : Finished initializing remote region registries. All known remote regions: []
2020-09-17 13:00:45.204  INFO 11668 --- [main] c.n.eureka.DefaultEurekaServerContext    : Initialized
2020-09-17 13:00:45.635  INFO 11668 --- [main] o.s.c.n.zuul.ZuulFilterInitializer       : Starting filter initializer
2020-09-17 13:00:45.689  WARN 11668 --- [main] arterDeprecationWarningAutoConfiguration : spring-cloud-starter-eureka-server is deprecated as of Spring Cloud Netflix 1.4.0, please migrate to spring-cloud-starter-netflix-eureka-server
2020-09-17 13:00:45.732  INFO 11668 --- [main] o.s.b.a.e.web.EndpointLinksResolver      : Exposing 2 endpoint(s) beneath base path '/actuator'
2020-09-17 13:00:45.755  INFO 11668 --- [main] s.b.a.e.w.s.WebMvcEndpointHandlerMapping : Mapped "{[/actuator/health],methods=[GET],produces=[application/vnd.spring-boot.actuator.v2+json || application/json]}" onto public java.lang.Object org.springframework.boot.actuate.endpoint.web.servlet.AbstractWebMvcEndpointHandlerMapping$OperationHandler.handle(javax.servlet.http.HttpServletRequest,java.util.Map<java.lang.String, java.lang.String>)
2020-09-17 13:00:45.756  INFO 11668 --- [main] s.b.a.e.w.s.WebMvcEndpointHandlerMapping : Mapped "{[/actuator/info],methods=[GET],produces=[application/vnd.spring-boot.actuator.v2+json || application/json]}" onto public java.lang.Object org.springframework.boot.actuate.endpoint.web.servlet.AbstractWebMvcEndpointHandlerMapping$OperationHandler.handle(javax.servlet.http.HttpServletRequest,java.util.Map<java.lang.String, java.lang.String>)
2020-09-17 13:00:45.759  INFO 11668 --- [main] s.b.a.e.w.s.WebMvcEndpointHandlerMapping : Mapped "{[/actuator],methods=[GET],produces=[application/vnd.spring-boot.actuator.v2+json || application/json]}" onto protected java.util.Map<java.lang.String, java.util.Map<java.lang.String, org.springframework.boot.actuate.endpoint.web.Link>> org.springframework.boot.actuate.endpoint.web.servlet.WebMvcEndpointHandlerMapping.links(javax.servlet.http.HttpServletRequest,javax.servlet.http.HttpServletResponse)
2020-09-17 13:00:45.857  INFO 11668 --- [main] o.s.c.support.DefaultLifecycleProcessor  : Starting beans in phase 0
2020-09-17 13:00:45.885  INFO 11668 --- [main] c.t.s.e.EurekaServiceApplicationTests    : Started EurekaServiceApplicationTests in 9.58 seconds (JVM running for 11.284)
2020-09-17 13:00:45.885  INFO 11668 --- [Thread-14] o.s.c.n.e.server.EurekaServerBootstrap   : Setting the eureka configuration..
2020-09-17 13:00:45.890  INFO 11668 --- [Thread-14] o.s.c.n.e.server.EurekaServerBootstrap   : Eureka data center value eureka.datacenter is not set, defaulting to default
2020-09-17 13:00:45.892  INFO 11668 --- [Thread-14] o.s.c.n.e.server.EurekaServerBootstrap   : Eureka environment value eureka.environment is not set, defaulting to test
2020-09-17 13:00:45.917  INFO 11668 --- [Thread-14] o.s.c.n.e.server.EurekaServerBootstrap   : isAws returned false
2020-09-17 13:00:45.917  INFO 11668 --- [Thread-14] o.s.c.n.e.server.EurekaServerBootstrap   : Initialized server context
2020-09-17 13:00:45.918  INFO 11668 --- [Thread-14] c.n.e.r.PeerAwareInstanceRegistryImpl    : Got 1 instances from neighboring DS node
2020-09-17 13:00:45.918  INFO 11668 --- [Thread-14] c.n.e.r.PeerAwareInstanceRegistryImpl    : Renew threshold is: 1
2020-09-17 13:00:45.918  INFO 11668 --- [Thread-14] c.n.e.r.PeerAwareInstanceRegistryImpl    : Changing status to UP
2020-09-17 13:00:45.955  INFO 11668 --- [Thread-14] e.s.EurekaServerInitializerConfiguration : Started Eureka Server
2020-09-17 13:00:46.297  INFO 11668 --- [Thread-15] o.s.w.c.s.GenericWebApplicationContext   : Closing org.springframework.web.context.support.GenericWebApplicationContext@5049d8b2: startup date [Thu Sep 17 13:00:38 IST 2020]; parent: org.springframework.context.annotation.AnnotationConfigApplicationContext@48c76607
2020-09-17 13:00:46.301  INFO 11668 --- [Thread-15] o.s.c.n.e.s.EurekaServiceRegistry        : Unregistering application eureka-service with eureka with status DOWN
2020-09-17 13:00:46.304  INFO 11668 --- [Thread-15] o.s.c.support.DefaultLifecycleProcessor  : Stopping beans in phase 0
2020-09-17 13:00:46.307  INFO 11668 --- [Thread-15] o.s.c.n.zuul.ZuulFilterInitializer       : Stopping filter initializer
2020-09-17 13:00:46.309  INFO 11668 --- [Thread-15] c.n.eureka.DefaultEurekaServerContext    : Shutting down ...
2020-09-17 13:00:46.312  INFO 11668 --- [Thread-15] c.n.eureka.DefaultEurekaServerContext    : Shut down
2020-09-17 13:00:46.335  INFO 11668 --- [Thread-15] com.netflix.discovery.DiscoveryClient    : Shutting down DiscoveryClient ...
2020-09-17 13:00:46.336  INFO 11668 --- [Thread-15] com.netflix.discovery.DiscoveryClient    : Completed shut down of DiscoveryClient
2020-09-17 13:04:16.593  INFO 13108 --- [main] c.t.s.e.EurekaServiceApplication         : No active profile set, falling back to default profiles: default
2020-09-17 13:04:16.605  INFO 13108 --- [main] ConfigServletWebServerApplicationContext : Refreshing org.springframework.boot.web.servlet.context.AnnotationConfigServletWebServerApplicationContext@39ac0c0a: startup date [Thu Sep 17 13:04:16 IST 2020]; parent: org.springframework.context.annotation.AnnotationConfigApplicationContext@16d04d3d
2020-09-17 13:04:17.269  INFO 13108 --- [main] o.s.b.f.s.DefaultListableBeanFactory     : Overriding bean definition for bean 'counterFactory' with a different definition: replacing [Root bean: class [null]; scope=; abstract=false; lazyInit=false; autowireMode=3; dependencyCheck=0; autowireCandidate=true; primary=false; factoryBeanName=org.springframework.cloud.netflix.zuul.ZuulServerAutoConfiguration$ZuulMetricsConfiguration; factoryMethodName=counterFactory; initMethodName=null; destroyMethodName=(inferred); defined in class path resource [org/springframework/cloud/netflix/zuul/ZuulServerAutoConfiguration$ZuulMetricsConfiguration.class]] with [Root bean: class [null]; scope=; abstract=false; lazyInit=false; autowireMode=3; dependencyCheck=0; autowireCandidate=true; primary=false; factoryBeanName=org.springframework.cloud.netflix.zuul.ZuulServerAutoConfiguration$ZuulCounterFactoryConfiguration; factoryMethodName=counterFactory; initMethodName=null; destroyMethodName=(inferred); defined in class path resource [org/springframework/cloud/netflix/zuul/ZuulServerAutoConfiguration$ZuulCounterFactoryConfiguration.class]]
2020-09-17 13:04:17.501  INFO 13108 --- [main] o.s.cloud.context.scope.GenericScope     : BeanFactory id=6ea7ff3c-54c4-3748-85c8-fccd8060020c
2020-09-17 13:04:17.518  INFO 13108 --- [main] f.a.AutowiredAnnotationBeanPostProcessor : JSR-330 'javax.inject.Inject' annotation found and supported for autowiring
2020-09-17 13:04:17.719  INFO 13108 --- [main] trationDelegate$BeanPostProcessorChecker : Bean 'org.springframework.cloud.autoconfigure.ConfigurationPropertiesRebinderAutoConfiguration' of type [org.springframework.cloud.autoconfigure.ConfigurationPropertiesRebinderAutoConfiguration$$EnhancerBySpringCGLIB$$e976d61d] is not eligible for getting processed by all BeanPostProcessors (for example: not eligible for auto-proxying)
2020-09-17 13:04:18.119  INFO 13108 --- [main] o.s.b.w.embedded.tomcat.TomcatWebServer  : Tomcat initialized with port(s): 8080 (http)
2020-09-17 13:04:18.138  INFO 13108 --- [main] o.apache.catalina.core.StandardService   : Starting service [Tomcat]
2020-09-17 13:04:18.139  INFO 13108 --- [main] org.apache.catalina.core.StandardEngine  : Starting Servlet Engine: Apache Tomcat/8.5.34
2020-09-17 13:04:18.143  INFO 13108 --- [localhost-startStop-1] o.a.catalina.core.AprLifecycleListener   : The APR based Apache Tomcat Native library which allows optimal performance in production environments was not found on the java.library.path: [C:\Program Files\Java\jdk1.8.0_162\bin;C:\Windows\Sun\Java\bin;C:\Windows\system32;C:\Windows;C:/Program Files/Java/jdk1.8.0_162/bin/../jre/bin/server;C:/Program Files/Java/jdk1.8.0_162/bin/../jre/bin;C:/Program Files/Java/jdk1.8.0_162/bin/../jre/lib/amd64;C:\Program Files\Java\jdk1.8.0_162\bin;C:\ProgramData\Oracle\Java\javapath;C:\Windows\system32;C:\Windows;C:\Windows\System32\Wbem;C:\Windows\System32\WindowsPowerShell\v1.0\;D:\Program Files\Git\cmd;D:\PostgreSQL\pg10\bin;D:\Program Files\Cloud Foundry;C:\Program Files\Java\jre7;D:\Program Files\nodejs\;C:\Program Files\Java\jdk1.8.0_162\bin;C:\Users\Joby Wilson Mathews\AppData\Local\Microsoft\WindowsApps;D:\Program Files\Microsoft VS Code\bin;D:\Tools\kotlin-native-windows-0.6.2\bin;C:\Program Files\Java\jre1.8.0_162;C:\Program Files\Tesseract-OCR;C:\Users\Joby Wilson Mathews\AppData\Roaming\npm;;D:\Tools\eclipse;;.]
2020-09-17 13:04:18.364  INFO 13108 --- [localhost-startStop-1] o.a.c.c.C.[Tomcat].[localhost].[/]       : Initializing Spring embedded WebApplicationContext
2020-09-17 13:04:18.365  INFO 13108 --- [localhost-startStop-1] o.s.web.context.ContextLoader            : Root WebApplicationContext: initialization completed in 1760 ms
2020-09-17 13:04:18.522  WARN 13108 --- [localhost-startStop-1] c.n.c.sources.URLConfigurationSource     : No URLs will be polled as dynamic configuration sources.
2020-09-17 13:04:18.523  INFO 13108 --- [localhost-startStop-1] c.n.c.sources.URLConfigurationSource     : To enable URLs as dynamic configuration sources, define System property archaius.configurationSource.additionalUrls or make config.properties available on classpath.
2020-09-17 13:04:18.532  INFO 13108 --- [localhost-startStop-1] c.netflix.config.DynamicPropertyFactory  : DynamicPropertyFactory is initialized with configuration sources: com.netflix.config.ConcurrentCompositeConfiguration@aad7e23
2020-09-17 13:04:19.836  INFO 13108 --- [localhost-startStop-1] o.s.b.w.servlet.FilterRegistrationBean   : Mapping filter: 'characterEncodingFilter' to: [/*]
2020-09-17 13:04:19.836  INFO 13108 --- [localhost-startStop-1] o.s.b.w.servlet.FilterRegistrationBean   : Mapping filter: 'webMvcMetricsFilter' to: [/*]
2020-09-17 13:04:19.836  INFO 13108 --- [localhost-startStop-1] o.s.b.w.servlet.FilterRegistrationBean   : Mapping filter: 'hiddenHttpMethodFilter' to: [/*]
2020-09-17 13:04:19.836  INFO 13108 --- [localhost-startStop-1] o.s.b.w.servlet.FilterRegistrationBean   : Mapping filter: 'httpPutFormContentFilter' to: [/*]
2020-09-17 13:04:19.837  INFO 13108 --- [localhost-startStop-1] o.s.b.w.servlet.FilterRegistrationBean   : Mapping filter: 'requestContextFilter' to: [/*]
2020-09-17 13:04:19.837  INFO 13108 --- [localhost-startStop-1] o.s.b.w.servlet.FilterRegistrationBean   : Mapping filter: 'httpTraceFilter' to: [/*]
2020-09-17 13:04:19.837  INFO 13108 --- [localhost-startStop-1] o.s.b.w.servlet.FilterRegistrationBean   : Mapping filter: 'servletContainer' to urls: [/eureka/*]
2020-09-17 13:04:19.837  INFO 13108 --- [localhost-startStop-1] o.s.b.w.servlet.ServletRegistrationBean  : Servlet dispatcherServlet mapped to [/]
2020-09-17 13:04:19.838  INFO 13108 --- [localhost-startStop-1] o.s.b.w.servlet.ServletRegistrationBean  : Servlet zuulServlet mapped to [/zuul/*]
2020-09-17 13:04:19.889  INFO 13108 --- [localhost-startStop-1] c.s.j.s.i.a.WebApplicationImpl           : Initiating Jersey application, version 'Jersey: 1.19.1 03/11/2016 02:08 PM'
2020-09-17 13:04:19.936  INFO 13108 --- [localhost-startStop-1] c.n.d.provider.DiscoveryJerseyProvider   : Using JSON encoding codec LegacyJacksonJson
2020-09-17 13:04:19.937  INFO 13108 --- [localhost-startStop-1] c.n.d.provider.DiscoveryJerseyProvider   : Using JSON decoding codec LegacyJacksonJson
2020-09-17 13:04:20.018  INFO 13108 --- [localhost-startStop-1] c.n.d.provider.DiscoveryJerseyProvider   : Using XML encoding codec XStreamXml
2020-09-17 13:04:20.018  INFO 13108 --- [localhost-startStop-1] c.n.d.provider.DiscoveryJerseyProvider   : Using XML decoding codec XStreamXml
2020-09-17 13:04:20.295  WARN 13108 --- [main] c.n.c.sources.URLConfigurationSource     : No URLs will be polled as dynamic configuration sources.
2020-09-17 13:04:20.295  INFO 13108 --- [main] c.n.c.sources.URLConfigurationSource     : To enable URLs as dynamic configuration sources, define System property archaius.configurationSource.additionalUrls or make config.properties available on classpath.
2020-09-17 13:04:20.364  INFO 13108 --- [main] o.s.w.s.handler.SimpleUrlHandlerMapping  : Mapped URL path [/**/favicon.ico] onto handler of type [class org.springframework.web.servlet.resource.ResourceHttpRequestHandler]
2020-09-17 13:04:20.589  INFO 13108 --- [main] s.w.s.m.m.a.RequestMappingHandlerAdapter : Looking for @ControllerAdvice: org.springframework.boot.web.servlet.context.AnnotationConfigServletWebServerApplicationContext@39ac0c0a: startup date [Thu Sep 17 13:04:16 IST 2020]; parent: org.springframework.context.annotation.AnnotationConfigApplicationContext@16d04d3d
2020-09-17 13:04:20.662  INFO 13108 --- [main] s.w.s.m.m.a.RequestMappingHandlerMapping : Mapped "{[/error]}" onto public org.springframework.http.ResponseEntity<java.util.Map<java.lang.String, java.lang.Object>> org.springframework.boot.autoconfigure.web.servlet.error.BasicErrorController.error(javax.servlet.http.HttpServletRequest)
2020-09-17 13:04:20.664  INFO 13108 --- [main] s.w.s.m.m.a.RequestMappingHandlerMapping : Mapped "{[/error],produces=[text/html]}" onto public org.springframework.web.servlet.ModelAndView org.springframework.boot.autoconfigure.web.servlet.error.BasicErrorController.errorHtml(javax.servlet.http.HttpServletRequest,javax.servlet.http.HttpServletResponse)
2020-09-17 13:04:20.671  INFO 13108 --- [main] s.w.s.m.m.a.RequestMappingHandlerMapping : Mapped "{[/],methods=[GET]}" onto public java.lang.String org.springframework.cloud.netflix.eureka.server.EurekaController.status(javax.servlet.http.HttpServletRequest,java.util.Map<java.lang.String, java.lang.Object>)
2020-09-17 13:04:20.671  INFO 13108 --- [main] s.w.s.m.m.a.RequestMappingHandlerMapping : Mapped "{[/lastn],methods=[GET]}" onto public java.lang.String org.springframework.cloud.netflix.eureka.server.EurekaController.lastn(javax.servlet.http.HttpServletRequest,java.util.Map<java.lang.String, java.lang.Object>)
2020-09-17 13:04:20.702  INFO 13108 --- [main] o.s.w.s.handler.SimpleUrlHandlerMapping  : Mapped URL path [/webjars/**] onto handler of type [class org.springframework.web.servlet.resource.ResourceHttpRequestHandler]
2020-09-17 13:04:20.702  INFO 13108 --- [main] o.s.w.s.handler.SimpleUrlHandlerMapping  : Mapped URL path [/**] onto handler of type [class org.springframework.web.servlet.resource.ResourceHttpRequestHandler]
2020-09-17 13:04:21.226  INFO 13108 --- [main] o.s.ui.freemarker.SpringTemplateLoader   : SpringTemplateLoader for FreeMarker: using resource loader [org.springframework.boot.web.servlet.context.AnnotationConfigServletWebServerApplicationContext@39ac0c0a: startup date [Thu Sep 17 13:04:16 IST 2020]; parent: org.springframework.context.annotation.AnnotationConfigApplicationContext@16d04d3d] and template loader path [classpath:/templates/]
2020-09-17 13:04:21.227  INFO 13108 --- [main] o.s.w.s.v.f.FreeMarkerConfigurer         : ClassTemplateLoader for Spring macros added to FreeMarker configuration
2020-09-17 13:04:21.447  INFO 13108 --- [main] o.s.c.n.eureka.InstanceInfoFactory       : Setting initial instance status as: STARTING
2020-09-17 13:04:21.472  INFO 13108 --- [main] com.netflix.discovery.DiscoveryClient    : Initializing Eureka in region us-east-1
2020-09-17 13:04:21.472  INFO 13108 --- [main] com.netflix.discovery.DiscoveryClient    : Client configured to neither register nor query for data.
2020-09-17 13:04:21.477  INFO 13108 --- [main] com.netflix.discovery.DiscoveryClient    : Discovery Client initialized at timestamp 1600328061476 with initial instances count: 0
2020-09-17 13:04:21.516  INFO 13108 --- [main] c.n.eureka.DefaultEurekaServerContext    : Initializing ...
2020-09-17 13:04:21.518  INFO 13108 --- [main] c.n.eureka.cluster.PeerEurekaNodes       : Adding new peer nodes [http://localhost:8080/eureka/]
2020-09-17 13:04:21.763  INFO 13108 --- [main] c.n.d.provider.DiscoveryJerseyProvider   : Using JSON encoding codec LegacyJacksonJson
2020-09-17 13:04:21.763  INFO 13108 --- [main] c.n.d.provider.DiscoveryJerseyProvider   : Using JSON decoding codec LegacyJacksonJson
2020-09-17 13:04:21.763  INFO 13108 --- [main] c.n.d.provider.DiscoveryJerseyProvider   : Using XML encoding codec XStreamXml
2020-09-17 13:04:21.763  INFO 13108 --- [main] c.n.d.provider.DiscoveryJerseyProvider   : Using XML decoding codec XStreamXml
2020-09-17 13:04:21.851  INFO 13108 --- [main] c.n.eureka.cluster.PeerEurekaNodes       : Replica node URL:  http://localhost:8080/eureka/
2020-09-17 13:04:21.859  INFO 13108 --- [main] c.n.e.registry.AbstractInstanceRegistry  : Finished initializing remote region registries. All known remote regions: []
2020-09-17 13:04:21.860  INFO 13108 --- [main] c.n.eureka.DefaultEurekaServerContext    : Initialized
2020-09-17 13:04:21.962  INFO 13108 --- [main] o.s.c.n.zuul.ZuulFilterInitializer       : Starting filter initializer
2020-09-17 13:04:21.982  WARN 13108 --- [main] arterDeprecationWarningAutoConfiguration : spring-cloud-starter-eureka-server is deprecated as of Spring Cloud Netflix 1.4.0, please migrate to spring-cloud-starter-netflix-eureka-server
2020-09-17 13:04:21.993  INFO 13108 --- [main] o.s.b.a.e.web.EndpointLinksResolver      : Exposing 2 endpoint(s) beneath base path '/actuator'
2020-09-17 13:04:22.004  INFO 13108 --- [main] s.b.a.e.w.s.WebMvcEndpointHandlerMapping : Mapped "{[/actuator/health],methods=[GET],produces=[application/vnd.spring-boot.actuator.v2+json || application/json]}" onto public java.lang.Object org.springframework.boot.actuate.endpoint.web.servlet.AbstractWebMvcEndpointHandlerMapping$OperationHandler.handle(javax.servlet.http.HttpServletRequest,java.util.Map<java.lang.String, java.lang.String>)
2020-09-17 13:04:22.005  INFO 13108 --- [main] s.b.a.e.w.s.WebMvcEndpointHandlerMapping : Mapped "{[/actuator/info],methods=[GET],produces=[application/vnd.spring-boot.actuator.v2+json || application/json]}" onto public java.lang.Object org.springframework.boot.actuate.endpoint.web.servlet.AbstractWebMvcEndpointHandlerMapping$OperationHandler.handle(javax.servlet.http.HttpServletRequest,java.util.Map<java.lang.String, java.lang.String>)
2020-09-17 13:04:22.006  INFO 13108 --- [main] s.b.a.e.w.s.WebMvcEndpointHandlerMapping : Mapped "{[/actuator],methods=[GET],produces=[application/vnd.spring-boot.actuator.v2+json || application/json]}" onto protected java.util.Map<java.lang.String, java.util.Map<java.lang.String, org.springframework.boot.actuate.endpoint.web.Link>> org.springframework.boot.actuate.endpoint.web.servlet.WebMvcEndpointHandlerMapping.links(javax.servlet.http.HttpServletRequest,javax.servlet.http.HttpServletResponse)
2020-09-17 13:04:22.051  INFO 13108 --- [main] o.s.j.e.a.AnnotationMBeanExporter        : Registering beans for JMX exposure on startup
2020-09-17 13:04:22.060  INFO 13108 --- [main] o.s.j.e.a.AnnotationMBeanExporter        : Bean with name 'environmentManager' has been autodetected for JMX exposure
2020-09-17 13:04:22.061  INFO 13108 --- [main] o.s.j.e.a.AnnotationMBeanExporter        : Bean with name 'refreshScope' has been autodetected for JMX exposure
2020-09-17 13:04:22.063  INFO 13108 --- [main] o.s.j.e.a.AnnotationMBeanExporter        : Bean with name 'configurationPropertiesRebinder' has been autodetected for JMX exposure
2020-09-17 13:04:22.066  INFO 13108 --- [main] o.s.j.e.a.AnnotationMBeanExporter        : Located managed bean 'environmentManager': registering with JMX server as MBean [org.springframework.cloud.context.environment:name=environmentManager,type=EnvironmentManager]
2020-09-17 13:04:22.074  INFO 13108 --- [main] o.s.j.e.a.AnnotationMBeanExporter        : Located managed bean 'refreshScope': registering with JMX server as MBean [org.springframework.cloud.context.scope.refresh:name=refreshScope,type=RefreshScope]
2020-09-17 13:04:22.083  INFO 13108 --- [main] o.s.j.e.a.AnnotationMBeanExporter        : Located managed bean 'configurationPropertiesRebinder': registering with JMX server as MBean [org.springframework.cloud.context.properties:name=configurationPropertiesRebinder,context=39ac0c0a,type=ConfigurationPropertiesRebinder]
2020-09-17 13:04:22.093  INFO 13108 --- [main] o.s.c.support.DefaultLifecycleProcessor  : Starting beans in phase 0
2020-09-17 13:04:22.093  INFO 13108 --- [main] o.s.c.n.e.s.EurekaServiceRegistry        : Registering application eureka-service with eureka with status UP
2020-09-17 13:04:22.097  INFO 13108 --- [Thread-14] o.s.c.n.e.server.EurekaServerBootstrap   : Setting the eureka configuration..
2020-09-17 13:04:22.097  INFO 13108 --- [Thread-14] o.s.c.n.e.server.EurekaServerBootstrap   : Eureka data center value eureka.datacenter is not set, defaulting to default
2020-09-17 13:04:22.098  INFO 13108 --- [Thread-14] o.s.c.n.e.server.EurekaServerBootstrap   : Eureka environment value eureka.environment is not set, defaulting to test
2020-09-17 13:04:22.109  INFO 13108 --- [Thread-14] o.s.c.n.e.server.EurekaServerBootstrap   : isAws returned false
2020-09-17 13:04:22.110  INFO 13108 --- [Thread-14] o.s.c.n.e.server.EurekaServerBootstrap   : Initialized server context
2020-09-17 13:04:22.110  INFO 13108 --- [Thread-14] c.n.e.r.PeerAwareInstanceRegistryImpl    : Got 1 instances from neighboring DS node
2020-09-17 13:04:22.110  INFO 13108 --- [Thread-14] c.n.e.r.PeerAwareInstanceRegistryImpl    : Renew threshold is: 1
2020-09-17 13:04:22.110  INFO 13108 --- [Thread-14] c.n.e.r.PeerAwareInstanceRegistryImpl    : Changing status to UP
2020-09-17 13:04:22.123  INFO 13108 --- [Thread-14] e.s.EurekaServerInitializerConfiguration : Started Eureka Server
2020-09-17 13:04:22.141  INFO 13108 --- [main] o.s.b.w.embedded.tomcat.TomcatWebServer  : Tomcat started on port(s): 8080 (http) with context path ''
2020-09-17 13:04:22.142  INFO 13108 --- [main] .s.c.n.e.s.EurekaAutoServiceRegistration : Updating port to 8080
2020-09-17 13:04:22.145  INFO 13108 --- [main] c.t.s.e.EurekaServiceApplication         : Started EurekaServiceApplication in 6.869 seconds (JVM running for 7.549)
2020-09-17 13:05:22.111  INFO 13108 --- [Eureka-EvictionTimer] c.n.e.registry.AbstractInstanceRegistry  : Running the evict task with compensationTime 0ms
2020-09-17 13:06:22.112  INFO 13108 --- [Eureka-EvictionTimer] c.n.e.registry.AbstractInstanceRegistry  : Running the evict task with compensationTime 0ms
2020-09-17 13:07:22.113  INFO 13108 --- [Eureka-EvictionTimer] c.n.e.registry.AbstractInstanceRegistry  : Running the evict task with compensationTime 0ms
